<?xml version="1.0" encoding="UTF-8"?>
<testsuite xmlns:xsi="http://www.w3.org/2001/XMLSchema-instance" xsi:noNamespaceSchemaLocation="https://maven.apache.org/surefire/maven-surefire-plugin/xsd/surefire-test-report-3.0.xsd" version="3.0" name="com.schemebridge.service.SchemeServiceTest" time="1.46" tests="2" errors="0" skipped="0" failures="0">
  <properties>
[...]
</properties>
  <testcase name="testCreateScheme" classname="com.schemebridge.service.SchemeServiceTest" time="1.415">
    <system-out><![CDATA[2026-08-04T11:56:14.105+05:30  INFO 24824 --- [schemebridge-backend] [           main] c.s.service.impl.SchemeServiceImpl       : Creating new scheme: Test Scheme by admin: admin@schemebridge.gov.in
]]></system-out>
  </testcase>
  <testcase name="testGetSchemeNotFound" classname="com.schemebridge.service.SchemeServiceTest" time="0.016"/>
</testsuite>